<?xml version="1.0" encoding="utf-8"?><testsuites><testsuite errors="0" failures="0" hostname="cb9afa1fc505" name="pytest" skipped="0" tests="7" time="0.090" timestamp="2024-05-26T18:17:04.422899"><testcase classname="test.rest.api_test.TestApi" name="test_api_add" time="0.008"></testcase><testcase classname="test.rest.api_test.TestApi" name="test_api_divide_by_zero" time="0.003"></testcase><testcase classname="test.rest.api_test.TestApi" name="test_api_log10_negative" time="0.003"></testcase><testcase classname="test.rest.api_test.TestApi" name="test_api_log10_zero" time="0.004"></testcase><testcase classname="test.rest.api_test.TestApi" name="test_api_multiply" time="0.003"></testcase><testcase classname="test.rest.api_test.TestApi" name="test_api_sqrt" time="0.003"></testcase><testcase classname="test.rest.api_test.TestApi" name="test_api_subtract" time="0.003"></testcase></testsuite></testsuites>