<?xml version="1.0" encoding="utf-8"?><testsuites><testsuite errors="0" failures="0" hostname="542cacef16fc" name="pytest" skipped="0" tests="19" time="0.170" timestamp="2024-05-26T17:41:37.916700"><testcase classname="test.unit.calc_test.TestCalculate" name="test_add_method_fails_with_nan_parameter" time="0.002"></testcase><testcase classname="test.unit.calc_test.TestCalculate" name="test_add_method_returns_correct_result" time="0.001"></testcase><testcase classname="test.unit.calc_test.TestCalculate" name="test_add_method_with_large_numbers" time="0.002"></testcase><testcase classname="test.unit.calc_test.TestCalculate" name="test_divide_method_fails_with_division_by_zero" time="0.001"></testcase><testcase classname="test.unit.calc_test.TestCalculate" name="test_divide_method_fails_with_nan_parameter" time="0.001"></testcase><testcase classname="test.unit.calc_test.TestCalculate" name="test_divide_method_returns_correct_result" time="0.001"></testcase><testcase classname="test.unit.calc_test.TestCalculate" name="test_log10" time="0.001"></testcase><testcase classname="test.unit.calc_test.TestCalculate" name="test_multiply_method_fails_with_nan_parameter" time="0.002"></testcase><testcase classname="test.unit.calc_test.TestCalculate" name="test_multiply_method_returns_correct_result" time="0.001"></testcase><testcase classname="test.unit.calc_test.TestCalculate" name="test_power_method_fails_with_nan_parameter" time="0.001"></testcase><testcase classname="test.unit.calc_test.TestCalculate" name="test_power_method_returns_correct_result" time="0.001"></testcase><testcase classname="test.unit.calc_test.TestCalculate" name="test_sqrt" time="0.001"></testcase><testcase classname="test.unit.calc_test.TestCalculate" name="test_substract_method_fails_with_nan_parameter" time="0.001"></testcase><testcase classname="test.unit.util_test.TestUtil" name="test_convert_to_number_correct_param" time="0.001"></testcase><testcase classname="test.unit.util_test.TestUtil" name="test_convert_to_number_invalid_type" time="0.001"></testcase><testcase classname="test.unit.util_test.TestUtil" name="test_convert_to_number_with_float" time="0.001"></testcase><testcase classname="test.unit.util_test.TestUtil" name="test_convert_to_number_with_int" time="0.001"></testcase><testcase classname="test.unit.util_test.TestUtil" name="test_convert_to_number_with_invalid_string" time="0.001"></testcase><testcase classname="test.unit.util_test.TestUtil" name="test_convert_to_number_with_none" time="0.001"></testcase></testsuite></testsuites>